<?xml version="1.0" encoding="UTF-8"?>
<!-- Generated by org.testng.reporters.JUnitXMLReporter -->
<testsuite ignored="0" hostname="LAPTOP-B873D0T5" failures="2" tests="16" name="Test" time="245.185" errors="0" timestamp="2022-09-19T07:10:29 IST">
  <testcase classname="com.myecom.testcases.IndexPageTest" name="clickOnDress" time="9.186"/>
  <testcase classname="com.myecom.testcases.IndexPageTest" name="createClick" time="13.909"/>
  <testcase classname="com.myecom.testcases.IndexPageTest" name="getTitleOfPage" time="0.014"/>
  <testcase classname="com.myecom.testcases.IndexPageTest" name="hardassert" time="0.002">
    <failure type="java.lang.AssertionError" message="expected [true] but found [false]">
      <![CDATA[java.lang.AssertionError: expected [true] but found [false]
at com.myecom.testcases.IndexPageTest.hardassert(IndexPageTest.java:127)
at java.base/java.util.ArrayList.forEach(ArrayList.java:1511)
... Removed 33 stack frames]]>
    </failure>
  </testcase> <!-- hardassert -->
  <testcase classname="com.myecom.testcases.IndexPageTest" name="search" time="6.968"/>
  <testcase classname="com.myecom.testcases.IndexPageTest" name="searchTextValue" time="0.226"/>
  <testcase classname="com.myecom.testcases.IndexPageTest" name="selectDropDown" time="11.812"/>
  <testcase classname="com.myecom.testcases.IndexPageTest" name="softassert" time="0.013">
    <failure type="java.lang.AssertionError" message="The following asserts failed:
	expected [true] but found [false],
	expected [true] but found [false]">
      <![CDATA[java.lang.AssertionError: The following asserts failed:
expected [true] but found [false],
expected [true] but found [false]
at com.myecom.testcases.IndexPageTest.softassert(IndexPageTest.java:142)
at java.base/java.util.ArrayList.forEach(ArrayList.java:1511)
... Removed 29 stack frames]]>
    </failure>
  </testcase> <!-- softassert -->
  <testcase classname="com.myecom.testcases.IndexPageTest" name="validateLogo" time="0.047"/>
  <testcase classname="com.myecom.testcases.SignInPageTest" name="createAccount" time="1.03"/>
  <testcase classname="com.myecom.testcases.SignInPageTest" name="login" time="3.261"/>
  <testcase classname="com.myecom.testcases.SignInPageTest" name="signInEmail" time="11.215"/>
  <testcase classname="com.myecom.testcases.SignInPageTest" name="signUpPage" time="11.588"/>
  <testcase classname="com.myecom.testcases.SignInPageTest" name="validateAccount" time="10.149"/>
  <testcase classname="com.myecom.testcases.SignInPageTest" name="validateNewAccount" time="15.304"/>
  <testcase classname="com.myecom.testcases.SignInPageTest" name="validateSignIn" time="3.953"/>
</testsuite> <!-- Test -->
